<?xml version="1.0" encoding="UTF-8"?>
<testsuite xmlns:xsi="http://www.w3.org/2001/XMLSchema-instance" xsi:noNamespaceSchemaLocation="https://maven.apache.org/surefire/maven-surefire-plugin/xsd/surefire-test-report-3.0.xsd" version="3.0" name="com.oa2.Oa1ApplicationTests" time="5.182" tests="1" errors="0" skipped="0" failures="0">
  <properties>
    <property name="java.specification.version" value="17"/>
    <property name="sun.cpu.isalist" value="amd64"/>
    <property name="sun.jnu.encoding" value="GBK"/>
    <property name="java.class.path" value="D:\WUT2025Practicum\7-8\OA-2\target\test-classes;D:\WUT2025Practicum\7-8\OA-2\target\classes;D:\Develop\apache-maven-3.9.6\mvn_repo\org\springframework\boot\spring-boot-starter-thymeleaf\2.3.7.RELEASE\spring-boot-starter-thymeleaf-2.3.7.RELEASE.jar;D:\Develop\apache-maven-3.9.6\mvn_repo\org\springframework\boot\spring-boot-starter\2.3.7.RELEASE\spring-boot-starter-2.3.7.RELEASE.jar;D:\Develop\apache-maven-3.9.6\mvn_repo\org\springframework\boot\spring-boot-starter-logging\2.3.7.RELEASE\spring-boot-starter-logging-2.3.7.RELEASE.jar;D:\Develop\apache-maven-3.9.6\mvn_repo\ch\qos\logback\logback-classic\1.2.3\logback-classic-1.2.3.jar;D:\Develop\apache-maven-3.9.6\mvn_repo\ch\qos\logback\logback-core\1.2.3\logback-core-1.2.3.jar;D:\Develop\apache-maven-3.9.6\mvn_repo\org\apache\logging\log4j\log4j-to-slf4j\2.13.3\log4j-to-slf4j-2.13.3.jar;D:\Develop\apache-maven-3.9.6\mvn_repo\org\apache\logging\log4j\log4j-api\2.13.3\log4j-api-2.13.3.jar;D:\Develop\apache-maven-3.9.6\mvn_repo\org\slf4j\jul-to-slf4j\1.7.30\jul-to-slf4j-1.7.30.jar;D:\Develop\apache-maven-3.9.6\mvn_repo\jakarta\annotation\jakarta.annotation-api\1.3.5\jakarta.annotation-api-1.3.5.jar;D:\Develop\apache-maven-3.9.6\mvn_repo\org\yaml\snakeyaml\1.26\snakeyaml-1.26.jar;D:\Develop\apache-maven-3.9.6\mvn_repo\org\thymeleaf\thymeleaf-spring5\3.0.11.RELEASE\thymeleaf-spring5-3.0.11.RELEASE.jar;D:\Develop\apache-maven-3.9.6\mvn_repo\org\thymeleaf\thymeleaf\3.0.11.RELEASE\thymeleaf-3.0.11.RELEASE.jar;D:\Develop\apache-maven-3.9.6\mvn_repo\org\attoparser\attoparser\2.0.5.RELEASE\attoparser-2.0.5.RELEASE.jar;D:\Develop\apache-maven-3.9.6\mvn_repo\org\unbescape\unbescape\1.1.6.RELEASE\unbescape-1.1.6.RELEASE.jar;D:\Develop\apache-maven-3.9.6\mvn_repo\org\thymeleaf\extras\thymeleaf-extras-java8time\3.0.4.RELEASE\thymeleaf-extras-java8time-3.0.4.RELEASE.jar;D:\Develop\apache-maven-3.9.6\mvn_repo\org\springframework\boot\spring-boot-starter-web\2.3.7.RELEASE\spring-boot-starter-web-2.3.7.RELEASE.jar;D:\Develop\apache-maven-3.9.6\mvn_repo\org\springframework\boot\spring-boot-starter-json\2.3.7.RELEASE\spring-boot-starter-json-2.3.7.RELEASE.jar;D:\Develop\apache-maven-3.9.6\mvn_repo\com\fasterxml\jackson\core\jackson-databind\2.11.3\jackson-databind-2.11.3.jar;D:\Develop\apache-maven-3.9.6\mvn_repo\com\fasterxml\jackson\core\jackson-annotations\2.11.3\jackson-annotations-2.11.3.jar;D:\Develop\apache-maven-3.9.6\mvn_repo\com\fasterxml\jackson\core\jackson-core\2.11.3\jackson-core-2.11.3.jar;D:\Develop\apache-maven-3.9.6\mvn_repo\com\fasterxml\jackson\datatype\jackson-datatype-jdk8\2.11.3\jackson-datatype-jdk8-2.11.3.jar;D:\Develop\apache-maven-3.9.6\mvn_repo\com\fasterxml\jackson\datatype\jackson-datatype-jsr310\2.11.3\jackson-datatype-jsr310-2.11.3.jar;D:\Develop\apache-maven-3.9.6\mvn_repo\com\fasterxml\jackson\module\jackson-module-parameter-names\2.11.3\jackson-module-parameter-names-2.11.3.jar;D:\Develop\apache-maven-3.9.6\mvn_repo\org\springframework\boot\spring-boot-starter-tomcat\2.3.7.RELEASE\spring-boot-starter-tomcat-2.3.7.RELEASE.jar;D:\Develop\apache-maven-3.9.6\mvn_repo\org\apache\tomcat\embed\tomcat-embed-core\9.0.41\tomcat-embed-core-9.0.41.jar;D:\Develop\apache-maven-3.9.6\mvn_repo\org\glassfish\jakarta.el\3.0.3\jakarta.el-3.0.3.jar;D:\Develop\apache-maven-3.9.6\mvn_repo\org\apache\tomcat\embed\tomcat-embed-websocket\9.0.41\tomcat-embed-websocket-9.0.41.jar;D:\Develop\apache-maven-3.9.6\mvn_repo\org\springframework\spring-web\5.2.12.RELEASE\spring-web-5.2.12.RELEASE.jar;D:\Develop\apache-maven-3.9.6\mvn_repo\org\springframework\spring-beans\5.2.12.RELEASE\spring-beans-5.2.12.RELEASE.jar;D:\Develop\apache-maven-3.9.6\mvn_repo\org\springframework\spring-webmvc\5.2.12.RELEASE\spring-webmvc-5.2.12.RELEASE.jar;D:\Develop\apache-maven-3.9.6\mvn_repo\org\springframework\spring-aop\5.2.12.RELEASE\spring-aop-5.2.12.RELEASE.jar;D:\Develop\apache-maven-3.9.6\mvn_repo\org\springframework\spring-context\5.2.12.RELEASE\spring-context-5.2.12.RELEASE.jar;D:\Develop\apache-maven-3.9.6\mvn_repo\org\springframework\spring-expression\5.2.12.RELEASE\spring-expression-5.2.12.RELEASE.jar;D:\Develop\apache-maven-3.9.6\mvn_repo\mysql\mysql-connector-java\8.0.22\mysql-connector-java-8.0.22.jar;D:\Develop\apache-maven-3.9.6\mvn_repo\org\projectlombok\lombok\1.18.20\lombok-1.18.20.jar;D:\Develop\apache-maven-3.9.6\mvn_repo\org\springframework\boot\spring-boot-starter-test\2.3.7.RELEASE\spring-boot-starter-test-2.3.7.RELEASE.jar;D:\Develop\apache-maven-3.9.6\mvn_repo\org\springframework\boot\spring-boot-test\2.3.7.RELEASE\spring-boot-test-2.3.7.RELEASE.jar;D:\Develop\apache-maven-3.9.6\mvn_repo\org\springframework\boot\spring-boot-test-autoconfigure\2.3.7.RELEASE\spring-boot-test-autoconfigure-2.3.7.RELEASE.jar;D:\Develop\apache-maven-3.9.6\mvn_repo\com\jayway\jsonpath\json-path\2.4.0\json-path-2.4.0.jar;D:\Develop\apache-maven-3.9.6\mvn_repo\net\minidev\json-smart\2.3\json-smart-2.3.jar;D:\Develop\apache-maven-3.9.6\mvn_repo\net\minidev\accessors-smart\1.2\accessors-smart-1.2.jar;D:\Develop\apache-maven-3.9.6\mvn_repo\org\ow2\asm\asm\5.0.4\asm-5.0.4.jar;D:\Develop\apache-maven-3.9.6\mvn_repo\jakarta\xml\bind\jakarta.xml.bind-api\2.3.3\jakarta.xml.bind-api-2.3.3.jar;D:\Develop\apache-maven-3.9.6\mvn_repo\jakarta\activation\jakarta.activation-api\1.2.2\jakarta.activation-api-1.2.2.jar;D:\Develop\apache-maven-3.9.6\mvn_repo\org\assertj\assertj-core\3.16.1\assertj-core-3.16.1.jar;D:\Develop\apache-maven-3.9.6\mvn_repo\org\hamcrest\hamcrest\2.2\hamcrest-2.2.jar;D:\Develop\apache-maven-3.9.6\mvn_repo\org\junit\jupiter\junit-jupiter\5.6.3\junit-jupiter-5.6.3.jar;D:\Develop\apache-maven-3.9.6\mvn_repo\org\junit\jupiter\junit-jupiter-api\5.6.3\junit-jupiter-api-5.6.3.jar;D:\Develop\apache-maven-3.9.6\mvn_repo\org\apiguardian\apiguardian-api\1.1.0\apiguardian-api-1.1.0.jar;D:\Develop\apache-maven-3.9.6\mvn_repo\org\opentest4j\opentest4j\1.2.0\opentest4j-1.2.0.jar;D:\Develop\apache-maven-3.9.6\mvn_repo\org\junit\platform\junit-platform-commons\1.6.3\junit-platform-commons-1.6.3.jar;D:\Develop\apache-maven-3.9.6\mvn_repo\org\junit\jupiter\junit-jupiter-params\5.6.3\junit-jupiter-params-5.6.3.jar;D:\Develop\apache-maven-3.9.6\mvn_repo\org\junit\jupiter\junit-jupiter-engine\5.6.3\junit-jupiter-engine-5.6.3.jar;D:\Develop\apache-maven-3.9.6\mvn_repo\org\junit\platform\junit-platform-engine\1.6.3\junit-platform-engine-1.6.3.jar;D:\Develop\apache-maven-3.9.6\mvn_repo\org\mockito\mockito-core\3.3.3\mockito-core-3.3.3.jar;D:\Develop\apache-maven-3.9.6\mvn_repo\net\bytebuddy\byte-buddy\1.10.18\byte-buddy-1.10.18.jar;D:\Develop\apache-maven-3.9.6\mvn_repo\net\bytebuddy\byte-buddy-agent\1.10.18\byte-buddy-agent-1.10.18.jar;D:\Develop\apache-maven-3.9.6\mvn_repo\org\objenesis\objenesis\2.6\objenesis-2.6.jar;D:\Develop\apache-maven-3.9.6\mvn_repo\org\mockito\mockito-junit-jupiter\3.3.3\mockito-junit-jupiter-3.3.3.jar;D:\Develop\apache-maven-3.9.6\mvn_repo\org\skyscreamer\jsonassert\1.5.0\jsonassert-1.5.0.jar;D:\Develop\apache-maven-3.9.6\mvn_repo\com\vaadin\external\google\android-json\0.0.20131108.vaadin1\android-json-0.0.20131108.vaadin1.jar;D:\Develop\apache-maven-3.9.6\mvn_repo\org\springframework\spring-core\5.2.12.RELEASE\spring-core-5.2.12.RELEASE.jar;D:\Develop\apache-maven-3.9.6\mvn_repo\org\springframework\spring-jcl\5.2.12.RELEASE\spring-jcl-5.2.12.RELEASE.jar;D:\Develop\apache-maven-3.9.6\mvn_repo\org\springframework\spring-test\5.2.12.RELEASE\spring-test-5.2.12.RELEASE.jar;D:\Develop\apache-maven-3.9.6\mvn_repo\org\xmlunit\xmlunit-core\2.7.0\xmlunit-core-2.7.0.jar;D:\Develop\apache-maven-3.9.6\mvn_repo\org\mybatis\spring\boot\mybatis-spring-boot-starter\2.1.4\mybatis-spring-boot-starter-2.1.4.jar;D:\Develop\apache-maven-3.9.6\mvn_repo\org\springframework\boot\spring-boot-starter-jdbc\2.3.7.RELEASE\spring-boot-starter-jdbc-2.3.7.RELEASE.jar;D:\Develop\apache-maven-3.9.6\mvn_repo\com\zaxxer\HikariCP\3.4.5\HikariCP-3.4.5.jar;D:\Develop\apache-maven-3.9.6\mvn_repo\org\springframework\spring-jdbc\5.2.12.RELEASE\spring-jdbc-5.2.12.RELEASE.jar;D:\Develop\apache-maven-3.9.6\mvn_repo\org\springframework\spring-tx\5.2.12.RELEASE\spring-tx-5.2.12.RELEASE.jar;D:\Develop\apache-maven-3.9.6\mvn_repo\org\mybatis\spring\boot\mybatis-spring-boot-autoconfigure\2.1.4\mybatis-spring-boot-autoconfigure-2.1.4.jar;D:\Develop\apache-maven-3.9.6\mvn_repo\org\mybatis\mybatis\3.5.6\mybatis-3.5.6.jar;D:\Develop\apache-maven-3.9.6\mvn_repo\org\mybatis\mybatis-spring\2.0.6\mybatis-spring-2.0.6.jar;D:\Develop\apache-maven-3.9.6\mvn_repo\com\github\pagehelper\pagehelper-spring-boot-starter\1.4.6\pagehelper-spring-boot-starter-1.4.6.jar;D:\Develop\apache-maven-3.9.6\mvn_repo\com\github\pagehelper\pagehelper-spring-boot-autoconfigure\1.4.6\pagehelper-spring-boot-autoconfigure-1.4.6.jar;D:\Develop\apache-maven-3.9.6\mvn_repo\com\github\pagehelper\pagehelper\5.3.2\pagehelper-5.3.2.jar;D:\Develop\apache-maven-3.9.6\mvn_repo\com\github\jsqlparser\jsqlparser\4.5\jsqlparser-4.5.jar;D:\Develop\apache-maven-3.9.6\mvn_repo\com\liuvei\common\liuvei-common\1.2.0\liuvei-common-1.2.0.jar;D:\Develop\apache-maven-3.9.6\mvn_repo\org\springframework\boot\spring-boot-devtools\2.3.7.RELEASE\spring-boot-devtools-2.3.7.RELEASE.jar;D:\Develop\apache-maven-3.9.6\mvn_repo\org\springframework\boot\spring-boot\2.3.7.RELEASE\spring-boot-2.3.7.RELEASE.jar;D:\Develop\apache-maven-3.9.6\mvn_repo\org\springframework\boot\spring-boot-autoconfigure\2.3.7.RELEASE\spring-boot-autoconfigure-2.3.7.RELEASE.jar;D:\Develop\apache-maven-3.9.6\mvn_repo\com\alibaba\fastjson\1.2.75\fastjson-1.2.75.jar;D:\Develop\apache-maven-3.9.6\mvn_repo\com\alibaba\druid-spring-boot-starter\1.2.5\druid-spring-boot-starter-1.2.5.jar;D:\Develop\apache-maven-3.9.6\mvn_repo\com\alibaba\druid\1.2.5\druid-1.2.5.jar;D:\Develop\apache-maven-3.9.6\mvn_repo\javax\annotation\javax.annotation-api\1.3.2\javax.annotation-api-1.3.2.jar;D:\Develop\apache-maven-3.9.6\mvn_repo\org\slf4j\slf4j-api\1.7.30\slf4j-api-1.7.30.jar;"/>
    <property name="java.vm.vendor" value="Oracle Corporation"/>
    <property name="sun.arch.data.model" value="64"/>
    <property name="user.variant" value=""/>
    <property name="java.vendor.url" value="https://java.oracle.com/"/>
    <property name="user.timezone" value="Asia/Shanghai"/>
    <property name="os.name" value="Windows 11"/>
    <property name="java.vm.specification.version" value="17"/>
    <property name="sun.java.launcher" value="SUN_STANDARD"/>
    <property name="user.country" value="CN"/>
    <property name="sun.boot.library.path" value="D:\Develop\jdk-17\bin"/>
    <property name="sun.java.command" value="C:\Users\Demon\AppData\Local\Temp\surefire9295854951487136663\surefirebooter-20250709090003750_3.jar C:\Users\Demon\AppData\Local\Temp\surefire9295854951487136663 2025-07-09T09-00-03_502-jvmRun1 surefire-20250709090003750_1tmp surefire_0-20250709090003750_2tmp"/>
    <property name="jdk.debug" value="release"/>
    <property name="surefire.test.class.path" value="D:\WUT2025Practicum\7-8\OA-2\target\test-classes;D:\WUT2025Practicum\7-8\OA-2\target\classes;D:\Develop\apache-maven-3.9.6\mvn_repo\org\springframework\boot\spring-boot-starter-thymeleaf\2.3.7.RELEASE\spring-boot-starter-thymeleaf-2.3.7.RELEASE.jar;D:\Develop\apache-maven-3.9.6\mvn_repo\org\springframework\boot\spring-boot-starter\2.3.7.RELEASE\spring-boot-starter-2.3.7.RELEASE.jar;D:\Develop\apache-maven-3.9.6\mvn_repo\org\springframework\boot\spring-boot-starter-logging\2.3.7.RELEASE\spring-boot-starter-logging-2.3.7.RELEASE.jar;D:\Develop\apache-maven-3.9.6\mvn_repo\ch\qos\logback\logback-classic\1.2.3\logback-classic-1.2.3.jar;D:\Develop\apache-maven-3.9.6\mvn_repo\ch\qos\logback\logback-core\1.2.3\logback-core-1.2.3.jar;D:\Develop\apache-maven-3.9.6\mvn_repo\org\apache\logging\log4j\log4j-to-slf4j\2.13.3\log4j-to-slf4j-2.13.3.jar;D:\Develop\apache-maven-3.9.6\mvn_repo\org\apache\logging\log4j\log4j-api\2.13.3\log4j-api-2.13.3.jar;D:\Develop\apache-maven-3.9.6\mvn_repo\org\slf4j\jul-to-slf4j\1.7.30\jul-to-slf4j-1.7.30.jar;D:\Develop\apache-maven-3.9.6\mvn_repo\jakarta\annotation\jakarta.annotation-api\1.3.5\jakarta.annotation-api-1.3.5.jar;D:\Develop\apache-maven-3.9.6\mvn_repo\org\yaml\snakeyaml\1.26\snakeyaml-1.26.jar;D:\Develop\apache-maven-3.9.6\mvn_repo\org\thymeleaf\thymeleaf-spring5\3.0.11.RELEASE\thymeleaf-spring5-3.0.11.RELEASE.jar;D:\Develop\apache-maven-3.9.6\mvn_repo\org\thymeleaf\thymeleaf\3.0.11.RELEASE\thymeleaf-3.0.11.RELEASE.jar;D:\Develop\apache-maven-3.9.6\mvn_repo\org\attoparser\attoparser\2.0.5.RELEASE\attoparser-2.0.5.RELEASE.jar;D:\Develop\apache-maven-3.9.6\mvn_repo\org\unbescape\unbescape\1.1.6.RELEASE\unbescape-1.1.6.RELEASE.jar;D:\Develop\apache-maven-3.9.6\mvn_repo\org\thymeleaf\extras\thymeleaf-extras-java8time\3.0.4.RELEASE\thymeleaf-extras-java8time-3.0.4.RELEASE.jar;D:\Develop\apache-maven-3.9.6\mvn_repo\org\springframework\boot\spring-boot-starter-web\2.3.7.RELEASE\spring-boot-starter-web-2.3.7.RELEASE.jar;D:\Develop\apache-maven-3.9.6\mvn_repo\org\springframework\boot\spring-boot-starter-json\2.3.7.RELEASE\spring-boot-starter-json-2.3.7.RELEASE.jar;D:\Develop\apache-maven-3.9.6\mvn_repo\com\fasterxml\jackson\core\jackson-databind\2.11.3\jackson-databind-2.11.3.jar;D:\Develop\apache-maven-3.9.6\mvn_repo\com\fasterxml\jackson\core\jackson-annotations\2.11.3\jackson-annotations-2.11.3.jar;D:\Develop\apache-maven-3.9.6\mvn_repo\com\fasterxml\jackson\core\jackson-core\2.11.3\jackson-core-2.11.3.jar;D:\Develop\apache-maven-3.9.6\mvn_repo\com\fasterxml\jackson\datatype\jackson-datatype-jdk8\2.11.3\jackson-datatype-jdk8-2.11.3.jar;D:\Develop\apache-maven-3.9.6\mvn_repo\com\fasterxml\jackson\datatype\jackson-datatype-jsr310\2.11.3\jackson-datatype-jsr310-2.11.3.jar;D:\Develop\apache-maven-3.9.6\mvn_repo\com\fasterxml\jackson\module\jackson-module-parameter-names\2.11.3\jackson-module-parameter-names-2.11.3.jar;D:\Develop\apache-maven-3.9.6\mvn_repo\org\springframework\boot\spring-boot-starter-tomcat\2.3.7.RELEASE\spring-boot-starter-tomcat-2.3.7.RELEASE.jar;D:\Develop\apache-maven-3.9.6\mvn_repo\org\apache\tomcat\embed\tomcat-embed-core\9.0.41\tomcat-embed-core-9.0.41.jar;D:\Develop\apache-maven-3.9.6\mvn_repo\org\glassfish\jakarta.el\3.0.3\jakarta.el-3.0.3.jar;D:\Develop\apache-maven-3.9.6\mvn_repo\org\apache\tomcat\embed\tomcat-embed-websocket\9.0.41\tomcat-embed-websocket-9.0.41.jar;D:\Develop\apache-maven-3.9.6\mvn_repo\org\springframework\spring-web\5.2.12.RELEASE\spring-web-5.2.12.RELEASE.jar;D:\Develop\apache-maven-3.9.6\mvn_repo\org\springframework\spring-beans\5.2.12.RELEASE\spring-beans-5.2.12.RELEASE.jar;D:\Develop\apache-maven-3.9.6\mvn_repo\org\springframework\spring-webmvc\5.2.12.RELEASE\spring-webmvc-5.2.12.RELEASE.jar;D:\Develop\apache-maven-3.9.6\mvn_repo\org\springframework\spring-aop\5.2.12.RELEASE\spring-aop-5.2.12.RELEASE.jar;D:\Develop\apache-maven-3.9.6\mvn_repo\org\springframework\spring-context\5.2.12.RELEASE\spring-context-5.2.12.RELEASE.jar;D:\Develop\apache-maven-3.9.6\mvn_repo\org\springframework\spring-expression\5.2.12.RELEASE\spring-expression-5.2.12.RELEASE.jar;D:\Develop\apache-maven-3.9.6\mvn_repo\mysql\mysql-connector-java\8.0.22\mysql-connector-java-8.0.22.jar;D:\Develop\apache-maven-3.9.6\mvn_repo\org\projectlombok\lombok\1.18.20\lombok-1.18.20.jar;D:\Develop\apache-maven-3.9.6\mvn_repo\org\springframework\boot\spring-boot-starter-test\2.3.7.RELEASE\spring-boot-starter-test-2.3.7.RELEASE.jar;D:\Develop\apache-maven-3.9.6\mvn_repo\org\springframework\boot\spring-boot-test\2.3.7.RELEASE\spring-boot-test-2.3.7.RELEASE.jar;D:\Develop\apache-maven-3.9.6\mvn_repo\org\springframework\boot\spring-boot-test-autoconfigure\2.3.7.RELEASE\spring-boot-test-autoconfigure-2.3.7.RELEASE.jar;D:\Develop\apache-maven-3.9.6\mvn_repo\com\jayway\jsonpath\json-path\2.4.0\json-path-2.4.0.jar;D:\Develop\apache-maven-3.9.6\mvn_repo\net\minidev\json-smart\2.3\json-smart-2.3.jar;D:\Develop\apache-maven-3.9.6\mvn_repo\net\minidev\accessors-smart\1.2\accessors-smart-1.2.jar;D:\Develop\apache-maven-3.9.6\mvn_repo\org\ow2\asm\asm\5.0.4\asm-5.0.4.jar;D:\Develop\apache-maven-3.9.6\mvn_repo\jakarta\xml\bind\jakarta.xml.bind-api\2.3.3\jakarta.xml.bind-api-2.3.3.jar;D:\Develop\apache-maven-3.9.6\mvn_repo\jakarta\activation\jakarta.activation-api\1.2.2\jakarta.activation-api-1.2.2.jar;D:\Develop\apache-maven-3.9.6\mvn_repo\org\assertj\assertj-core\3.16.1\assertj-core-3.16.1.jar;D:\Develop\apache-maven-3.9.6\mvn_repo\org\hamcrest\hamcrest\2.2\hamcrest-2.2.jar;D:\Develop\apache-maven-3.9.6\mvn_repo\org\junit\jupiter\junit-jupiter\5.6.3\junit-jupiter-5.6.3.jar;D:\Develop\apache-maven-3.9.6\mvn_repo\org\junit\jupiter\junit-jupiter-api\5.6.3\junit-jupiter-api-5.6.3.jar;D:\Develop\apache-maven-3.9.6\mvn_repo\org\apiguardian\apiguardian-api\1.1.0\apiguardian-api-1.1.0.jar;D:\Develop\apache-maven-3.9.6\mvn_repo\org\opentest4j\opentest4j\1.2.0\opentest4j-1.2.0.jar;D:\Develop\apache-maven-3.9.6\mvn_repo\org\junit\platform\junit-platform-commons\1.6.3\junit-platform-commons-1.6.3.jar;D:\Develop\apache-maven-3.9.6\mvn_repo\org\junit\jupiter\junit-jupiter-params\5.6.3\junit-jupiter-params-5.6.3.jar;D:\Develop\apache-maven-3.9.6\mvn_repo\org\junit\jupiter\junit-jupiter-engine\5.6.3\junit-jupiter-engine-5.6.3.jar;D:\Develop\apache-maven-3.9.6\mvn_repo\org\junit\platform\junit-platform-engine\1.6.3\junit-platform-engine-1.6.3.jar;D:\Develop\apache-maven-3.9.6\mvn_repo\org\mockito\mockito-core\3.3.3\mockito-core-3.3.3.jar;D:\Develop\apache-maven-3.9.6\mvn_repo\net\bytebuddy\byte-buddy\1.10.18\byte-buddy-1.10.18.jar;D:\Develop\apache-maven-3.9.6\mvn_repo\net\bytebuddy\byte-buddy-agent\1.10.18\byte-buddy-agent-1.10.18.jar;D:\Develop\apache-maven-3.9.6\mvn_repo\org\objenesis\objenesis\2.6\objenesis-2.6.jar;D:\Develop\apache-maven-3.9.6\mvn_repo\org\mockito\mockito-junit-jupiter\3.3.3\mockito-junit-jupiter-3.3.3.jar;D:\Develop\apache-maven-3.9.6\mvn_repo\org\skyscreamer\jsonassert\1.5.0\jsonassert-1.5.0.jar;D:\Develop\apache-maven-3.9.6\mvn_repo\com\vaadin\external\google\android-json\0.0.20131108.vaadin1\android-json-0.0.20131108.vaadin1.jar;D:\Develop\apache-maven-3.9.6\mvn_repo\org\springframework\spring-core\5.2.12.RELEASE\spring-core-5.2.12.RELEASE.jar;D:\Develop\apache-maven-3.9.6\mvn_repo\org\springframework\spring-jcl\5.2.12.RELEASE\spring-jcl-5.2.12.RELEASE.jar;D:\Develop\apache-maven-3.9.6\mvn_repo\org\springframework\spring-test\5.2.12.RELEASE\spring-test-5.2.12.RELEASE.jar;D:\Develop\apache-maven-3.9.6\mvn_repo\org\xmlunit\xmlunit-core\2.7.0\xmlunit-core-2.7.0.jar;D:\Develop\apache-maven-3.9.6\mvn_repo\org\mybatis\spring\boot\mybatis-spring-boot-starter\2.1.4\mybatis-spring-boot-starter-2.1.4.jar;D:\Develop\apache-maven-3.9.6\mvn_repo\org\springframework\boot\spring-boot-starter-jdbc\2.3.7.RELEASE\spring-boot-starter-jdbc-2.3.7.RELEASE.jar;D:\Develop\apache-maven-3.9.6\mvn_repo\com\zaxxer\HikariCP\3.4.5\HikariCP-3.4.5.jar;D:\Develop\apache-maven-3.9.6\mvn_repo\org\springframework\spring-jdbc\5.2.12.RELEASE\spring-jdbc-5.2.12.RELEASE.jar;D:\Develop\apache-maven-3.9.6\mvn_repo\org\springframework\spring-tx\5.2.12.RELEASE\spring-tx-5.2.12.RELEASE.jar;D:\Develop\apache-maven-3.9.6\mvn_repo\org\mybatis\spring\boot\mybatis-spring-boot-autoconfigure\2.1.4\mybatis-spring-boot-autoconfigure-2.1.4.jar;D:\Develop\apache-maven-3.9.6\mvn_repo\org\mybatis\mybatis\3.5.6\mybatis-3.5.6.jar;D:\Develop\apache-maven-3.9.6\mvn_repo\org\mybatis\mybatis-spring\2.0.6\mybatis-spring-2.0.6.jar;D:\Develop\apache-maven-3.9.6\mvn_repo\com\github\pagehelper\pagehelper-spring-boot-starter\1.4.6\pagehelper-spring-boot-starter-1.4.6.jar;D:\Develop\apache-maven-3.9.6\mvn_repo\com\github\pagehelper\pagehelper-spring-boot-autoconfigure\1.4.6\pagehelper-spring-boot-autoconfigure-1.4.6.jar;D:\Develop\apache-maven-3.9.6\mvn_repo\com\github\pagehelper\pagehelper\5.3.2\pagehelper-5.3.2.jar;D:\Develop\apache-maven-3.9.6\mvn_repo\com\github\jsqlparser\jsqlparser\4.5\jsqlparser-4.5.jar;D:\Develop\apache-maven-3.9.6\mvn_repo\com\liuvei\common\liuvei-common\1.2.0\liuvei-common-1.2.0.jar;D:\Develop\apache-maven-3.9.6\mvn_repo\org\springframework\boot\spring-boot-devtools\2.3.7.RELEASE\spring-boot-devtools-2.3.7.RELEASE.jar;D:\Develop\apache-maven-3.9.6\mvn_repo\org\springframework\boot\spring-boot\2.3.7.RELEASE\spring-boot-2.3.7.RELEASE.jar;D:\Develop\apache-maven-3.9.6\mvn_repo\org\springframework\boot\spring-boot-autoconfigure\2.3.7.RELEASE\spring-boot-autoconfigure-2.3.7.RELEASE.jar;D:\Develop\apache-maven-3.9.6\mvn_repo\com\alibaba\fastjson\1.2.75\fastjson-1.2.75.jar;D:\Develop\apache-maven-3.9.6\mvn_repo\com\alibaba\druid-spring-boot-starter\1.2.5\druid-spring-boot-starter-1.2.5.jar;D:\Develop\apache-maven-3.9.6\mvn_repo\com\alibaba\druid\1.2.5\druid-1.2.5.jar;D:\Develop\apache-maven-3.9.6\mvn_repo\javax\annotation\javax.annotation-api\1.3.2\javax.annotation-api-1.3.2.jar;D:\Develop\apache-maven-3.9.6\mvn_repo\org\slf4j\slf4j-api\1.7.30\slf4j-api-1.7.30.jar;"/>
    <property name="sun.cpu.endian" value="little"/>
    <property name="user.home" value="C:\Users\Demon"/>
    <property name="user.language" value="zh"/>
    <property name="java.specification.vendor" value="Oracle Corporation"/>
    <property name="java.version.date" value="2025-01-21"/>
    <property name="java.home" value="D:\Develop\jdk-17"/>
    <property name="file.separator" value="\"/>
    <property name="basedir" value="D:\WUT2025Practicum\7-8\OA-2"/>
    <property name="java.vm.compressedOopsMode" value="Zero based"/>
    <property name="line.separator" value="&#10;"/>
    <property name="java.vm.specification.vendor" value="Oracle Corporation"/>
    <property name="java.specification.name" value="Java Platform API Specification"/>
    <property name="java.awt.headless" value="true"/>
    <property name="surefire.real.class.path" value="C:\Users\Demon\AppData\Local\Temp\surefire9295854951487136663\surefirebooter-20250709090003750_3.jar"/>
    <property name="user.script" value=""/>
    <property name="sun.management.compiler" value="HotSpot 64-Bit Tiered Compilers"/>
    <property name="java.runtime.version" value="17.0.14+8-LTS-191"/>
    <property name="user.name" value="Demon"/>
    <property name="path.separator" value=";"/>
    <property name="os.version" value="10.0"/>
    <property name="java.runtime.name" value="Java(TM) SE Runtime Environment"/>
    <property name="file.encoding" value="GBK"/>
    <property name="spring.beaninfo.ignore" value="true"/>
    <property name="java.vm.name" value="Java HotSpot(TM) 64-Bit Server VM"/>
    <property name="localRepository" value="D:\Develop\apache-maven-3.9.6\mvn_repo"/>
    <property name="java.vendor.url.bug" value="https://bugreport.java.com/bugreport/"/>
    <property name="java.io.tmpdir" value="C:\Users\Demon\AppData\Local\Temp\"/>
    <property name="idea.version" value="2023.2.5"/>
    <property name="java.version" value="17.0.14"/>
    <property name="user.dir" value="D:\WUT2025Practicum\7-8\OA-2"/>
    <property name="os.arch" value="amd64"/>
    <property name="java.vm.specification.name" value="Java Virtual Machine Specification"/>
    <property name="PID" value="29540"/>
    <property name="sun.os.patch.level" value=""/>
    <property name="native.encoding" value="GBK"/>
    <property name="java.library.path" value="D:\Develop\jdk-17\bin;C:\Windows\Sun\Java\bin;C:\Windows\system32;C:\Windows;D:\miniconda3\condabin;D:\Develop\jdk-8u421\bin;D:\Develop\jdk-17\bin;d:\cursor\resources\app\bin;D:\Develop\jdk-11\bin;D:\Develop\win_flex_bison-latest;C:\ProgramData\Oracle\Java\javapath;D:\VMware\bin\;D:\Develop\Python3.12\Scripts\;D:\Develop\Python3.12\;D:\Develop\CUDA\bin;D:\Develop\CUDA\libnvvp;C:\Program Files\Common Files\Oracle\Java\javapath;C:\Windows\system32;C:\Windows;C:\Windows\System32\Wbem;C:\Windows\System32\WindowsPowerShell\v1.0\;C:\Windows\System32\OpenSSH\;D:\Bandizip\;D:\MinGW\bin;C:\Program Files\MySQL\MySQL Server 8.0\bin;D:\MATLAB\runtime\win64;D:\MATLAB\bin;D:\MATLAB\polyspace\bin;D:\Git\cmd;C:\Program Files\dotnet\;C:\Program Files\Microsoft SQL Server\150\Tools\Binn\;D:\PuTTY\;D:\WinSCP\;D:\Rational rose\common;D:\Develop\apache-maven-3.9.6\bin;\bin;C:\Program Files\NVIDIA Corporation\Nsight Compute 2023.3.1\;D:\Visual_Studio_2022_Community\VC\Tools\MSVC\14.38.33130\bin\Hostx86\x;d:\cursor\resources\app\bin;C:\Program Files (x86)\NVIDIA Corporation\PhysX\Common;D:\XShell8\;D:\Xftp8\;C:\Program Files (x86)\Windows Kits\10\Windows Performance Toolkit\;C:\Program Files\NVIDIA Corporation\NVIDIA App\NvDLISR;C:\Users\Demon\AppData\Local\Microsoft\WindowsApps;D:\PyCharm Community Edition 2023.1\bin;%IntelliJ IDEA Community Edition%;D:\DataGrip 2023.2.3\bin;c:\users\demon\.local\bin;c:\users\demon\appdata\roaming\python\python310\scripts;D:\Visual_Studio_2022_Community\VC\Tools\MSVC\14.38.33130\bin\Hostx86\x64;C:\Program Files\Azure Data Studio\bin;C:\Users\Demon\AppData\Roaming\npm;D:\Develop\WechatDevloper\微信web开发者工具\dll;D:\WebStorm 2024.3\bin;D:\Microsoft VS Code\bin;C:\Users\Demon\.dotnet\tools;."/>
    <property name="java.vm.info" value="mixed mode, sharing"/>
    <property name="java.vendor" value="Oracle Corporation"/>
    <property name="java.vm.version" value="17.0.14+8-LTS-191"/>
    <property name="java.specification.maintenance.version" value="1"/>
    <property name="sun.io.unicode.encoding" value="UnicodeLittle"/>
    <property name="java.class.version" value="61.0"/>
  </properties>
  <testcase name="contextLoads" classname="com.oa2.Oa1ApplicationTests" time="0.557">
    <system-out><![CDATA[09:00:04.921 [main] DEBUG org.springframework.test.context.BootstrapUtils - Instantiating CacheAwareContextLoaderDelegate from class [org.springframework.test.context.cache.DefaultCacheAwareContextLoaderDelegate]
09:00:04.935 [main] DEBUG org.springframework.test.context.BootstrapUtils - Instantiating BootstrapContext using constructor [public org.springframework.test.context.support.DefaultBootstrapContext(java.lang.Class,org.springframework.test.context.CacheAwareContextLoaderDelegate)]
09:00:04.968 [main] DEBUG org.springframework.test.context.BootstrapUtils - Instantiating TestContextBootstrapper for test class [com.oa2.Oa1ApplicationTests] from class [org.springframework.boot.test.context.SpringBootTestContextBootstrapper]
09:00:04.986 [main] INFO org.springframework.boot.test.context.SpringBootTestContextBootstrapper - Neither @ContextConfiguration nor @ContextHierarchy found for test class [com.oa2.Oa1ApplicationTests], using SpringBootContextLoader
09:00:04.990 [main] DEBUG org.springframework.test.context.support.AbstractContextLoader - Did not detect default resource location for test class [com.oa2.Oa1ApplicationTests]: class path resource [com/oa2/Oa1ApplicationTests-context.xml] does not exist
09:00:04.991 [main] DEBUG org.springframework.test.context.support.AbstractContextLoader - Did not detect default resource location for test class [com.oa2.Oa1ApplicationTests]: class path resource [com/oa2/Oa1ApplicationTestsContext.groovy] does not exist
09:00:04.991 [main] INFO org.springframework.test.context.support.AbstractContextLoader - Could not detect default resource locations for test class [com.oa2.Oa1ApplicationTests]: no resource found for suffixes {-context.xml, Context.groovy}.
09:00:04.992 [main] INFO org.springframework.test.context.support.AnnotationConfigContextLoaderUtils - Could not detect default configuration classes for test class [com.oa2.Oa1ApplicationTests]: Oa1ApplicationTests does not declare any static, non-private, non-final, nested classes annotated with @Configuration.
09:00:05.045 [main] DEBUG org.springframework.test.context.support.ActiveProfilesUtils - Could not find an 'annotation declaring class' for annotation type [org.springframework.test.context.ActiveProfiles] and class [com.oa2.Oa1ApplicationTests]
09:00:05.116 [main] DEBUG org.springframework.context.annotation.ClassPathScanningCandidateComponentProvider - Identified candidate component class: file [D:\WUT2025Practicum\7-8\OA-2\target\classes\com\oa2\Oa1Application.class]
09:00:05.117 [main] INFO org.springframework.boot.test.context.SpringBootTestContextBootstrapper - Found @SpringBootConfiguration com.oa2.Oa1Application for test class com.oa2.Oa1ApplicationTests
09:00:05.221 [main] DEBUG org.springframework.boot.test.context.SpringBootTestContextBootstrapper - @TestExecutionListeners is not present for class [com.oa2.Oa1ApplicationTests]: using defaults.
09:00:05.222 [main] INFO org.springframework.boot.test.context.SpringBootTestContextBootstrapper - Loaded default TestExecutionListener class names from location [META-INF/spring.factories]: [org.springframework.boot.test.mock.mockito.MockitoTestExecutionListener, org.springframework.boot.test.mock.mockito.ResetMocksTestExecutionListener, org.springframework.boot.test.autoconfigure.restdocs.RestDocsTestExecutionListener, org.springframework.boot.test.autoconfigure.web.client.MockRestServiceServerResetTestExecutionListener, org.springframework.boot.test.autoconfigure.web.servlet.MockMvcPrintOnlyOnFailureTestExecutionListener, org.springframework.boot.test.autoconfigure.web.servlet.WebDriverTestExecutionListener, org.springframework.boot.test.autoconfigure.webservices.client.MockWebServiceServerTestExecutionListener, org.springframework.test.context.web.ServletTestExecutionListener, org.springframework.test.context.support.DirtiesContextBeforeModesTestExecutionListener, org.springframework.test.context.support.DependencyInjectionTestExecutionListener, org.springframework.test.context.support.DirtiesContextTestExecutionListener, org.springframework.test.context.transaction.TransactionalTestExecutionListener, org.springframework.test.context.jdbc.SqlScriptsTestExecutionListener, org.springframework.test.context.event.EventPublishingTestExecutionListener]
09:00:05.236 [main] INFO org.springframework.boot.test.context.SpringBootTestContextBootstrapper - Using TestExecutionListeners: [org.springframework.test.context.web.ServletTestExecutionListener@1339e7aa, org.springframework.test.context.support.DirtiesContextBeforeModesTestExecutionListener@1fb669c3, org.springframework.boot.test.mock.mockito.MockitoTestExecutionListener@49c66ade, org.springframework.boot.test.autoconfigure.SpringBootDependencyInjectionTestExecutionListener@6239aba6, org.springframework.test.context.support.DirtiesContextTestExecutionListener@3e6104fc, org.springframework.test.context.transaction.TransactionalTestExecutionListener@12359a82, org.springframework.test.context.jdbc.SqlScriptsTestExecutionListener@68df9280, org.springframework.test.context.event.EventPublishingTestExecutionListener@479460a6, org.springframework.boot.test.mock.mockito.ResetMocksTestExecutionListener@7164ca4c, org.springframework.boot.test.autoconfigure.restdocs.RestDocsTestExecutionListener@4f3bbf68, org.springframework.boot.test.autoconfigure.web.client.MockRestServiceServerResetTestExecutionListener@5be46f9d, org.springframework.boot.test.autoconfigure.web.servlet.MockMvcPrintOnlyOnFailureTestExecutionListener@3f91b517, org.springframework.boot.test.autoconfigure.web.servlet.WebDriverTestExecutionListener@68702e03, org.springframework.boot.test.autoconfigure.webservices.client.MockWebServiceServerTestExecutionListener@7a220c9a]
09:00:05.241 [main] DEBUG org.springframework.test.context.support.AbstractDirtiesContextTestExecutionListener - Before test class: context [DefaultTestContext@6cc558c6 testClass = Oa1ApplicationTests, testInstance = [null], testMethod = [null], testException = [null], mergedContextConfiguration = [WebMergedContextConfiguration@15713d56 testClass = Oa1ApplicationTests, locations = '{}', classes = '{class com.oa2.Oa1Application}', contextInitializerClasses = '[]', activeProfiles = '{}', propertySourceLocations = '{}', propertySourceProperties = '{org.springframework.boot.test.context.SpringBootTestContextBootstrapper=true}', contextCustomizers = set[org.springframework.boot.test.context.filter.ExcludeFilterContextCustomizer@5fbdfdcf, org.springframework.boot.test.json.DuplicateJsonObjectContextCustomizerFactory$DuplicateJsonObjectContextCustomizer@25084a1e, org.springframework.boot.test.mock.mockito.MockitoContextCustomizer@0, org.springframework.boot.test.web.client.TestRestTemplateContextCustomizer@3b6ddd1d, org.springframework.boot.test.autoconfigure.properties.PropertyMappingContextCustomizer@0, org.springframework.boot.test.autoconfigure.web.servlet.WebDriverContextCustomizerFactory$Customizer@5d0a1059, org.springframework.boot.test.context.SpringBootTestArgs@1, org.springframework.boot.test.context.SpringBootTestWebEnvironment@1d371b2d], resourceBasePath = 'src/main/webapp', contextLoader = 'org.springframework.boot.test.context.SpringBootContextLoader', parent = [null]], attributes = map['org.springframework.test.context.web.ServletTestExecutionListener.activateListener' -> true]], class annotated with @DirtiesContext [false] with mode [null].
09:00:05.276 [main] DEBUG org.springframework.test.context.support.TestPropertySourceUtils - Adding inlined properties to environment: {spring.jmx.enabled=false, org.springframework.boot.test.context.SpringBootTestContextBootstrapper=true}

  .   ____          _            __ _ _
 /\\ / ___'_ __ _ _(_)_ __  __ _ \ \ \ \
( ( )\___ | '_ | '_| | '_ \/ _` | \ \ \ \
 \\/  ___)| |_)| | | | | || (_| |  ) ) ) )
  '  |____| .__|_| |_|_| |_\__, | / / / /
 =========|_|==============|___/=/_/_/_/
 :: Spring Boot ::        (v2.3.7.RELEASE)

2025-07-09 09:00:05.637  INFO 29540 --- [           main] com.oa2.Oa1ApplicationTests              : Starting Oa1ApplicationTests on DEMON-LAPTOP with PID 29540 (started by Demon in D:\WUT2025Practicum\7-8\OA-2)
2025-07-09 09:00:05.638  INFO 29540 --- [           main] com.oa2.Oa1ApplicationTests              : No active profile set, falling back to default profiles: default
2025-07-09 09:00:06.818  INFO 29540 --- [           main] c.a.d.s.b.a.DruidDataSourceAutoConfigure : Init DruidDataSource
2025-07-09 09:00:07.628  INFO 29540 --- [           main] com.alibaba.druid.pool.DruidDataSource   : {dataSource-1} inited
2025-07-09 09:00:08.627  INFO 29540 --- [           main] o.s.s.concurrent.ThreadPoolTaskExecutor  : Initializing ExecutorService 'applicationTaskExecutor'
添加登录验证拦截器
配置全局的跨域请求（CORS）策略
2025-07-09 09:00:09.422  INFO 29540 --- [           main] com.oa2.Oa1ApplicationTests              : Started Oa1ApplicationTests in 4.129 seconds (JVM running for 5.216)
]]></system-out>
  </testcase>
</testsuite>